<?xml version="1.0" encoding="UTF-8"?>
<testng-results ignored="0" total="1" passed="1" failed="0" skipped="0">
  <reporter-output>
  </reporter-output>
  <suite started-at="2025-08-28T17:14:07 IST" name="Default suite" finished-at="2025-08-28T17:15:12 IST" duration-ms="65027">
    <groups>
    </groups>
    <test started-at="2025-08-28T17:14:07 IST" name="Default test" finished-at="2025-08-28T17:15:12 IST" duration-ms="65027">
      <class name="testcases.eSanchitTestCase">
        <test-method is-config="true" signature="beforeSuit()[pri:0, instance:testcases.eSanchitTestCase@544fa968]" started-at="2025-08-28T17:14:07 IST" name="beforeSuit" finished-at="2025-08-28T17:14:07 IST" duration-ms="20" status="PASS">
          <reporter-output>
          </reporter-output>
        </test-method> <!-- beforeSuit -->
        <test-method is-config="true" signature="beforeClass()[pri:0, instance:testcases.eSanchitTestCase@544fa968]" started-at="2025-08-28T17:14:07 IST" name="beforeClass" finished-at="2025-08-28T17:14:12 IST" duration-ms="4443" status="PASS">
          <reporter-output>
          </reporter-output>
        </test-method> <!-- beforeClass -->
        <test-method is-config="true" signature="beforeMethod()[pri:0, instance:testcases.eSanchitTestCase@544fa968]" started-at="2025-08-28T17:14:12 IST" name="beforeMethod" finished-at="2025-08-28T17:14:13 IST" duration-ms="895" status="PASS">
          <reporter-output>
          </reporter-output>
        </test-method> <!-- beforeMethod -->
        <test-method signature="loginTestCase()[pri:0, instance:testcases.eSanchitTestCase@544fa968]" started-at="2025-08-28T17:14:13 IST" name="loginTestCase" finished-at="2025-08-28T17:15:12 IST" duration-ms="59609" status="PASS">
          <reporter-output>
          </reporter-output>
        </test-method> <!-- loginTestCase -->
        <test-method is-config="true" signature="afterMethod()[pri:0, instance:testcases.eSanchitTestCase@544fa968]" started-at="2025-08-28T17:15:12 IST" name="afterMethod" finished-at="2025-08-28T17:15:12 IST" duration-ms="1" status="PASS">
          <reporter-output>
          </reporter-output>
        </test-method> <!-- afterMethod -->
        <test-method is-config="true" signature="afterClass()[pri:0, instance:testcases.eSanchitTestCase@544fa968]" started-at="2025-08-28T17:15:12 IST" name="afterClass" finished-at="2025-08-28T17:15:12 IST" duration-ms="2" status="PASS">
          <reporter-output>
          </reporter-output>
        </test-method> <!-- afterClass -->
        <test-method is-config="true" signature="afterSuit()[pri:0, instance:testcases.eSanchitTestCase@544fa968]" started-at="2025-08-28T17:15:12 IST" name="afterSuit" finished-at="2025-08-28T17:15:12 IST" duration-ms="1" status="PASS">
          <reporter-output>
          </reporter-output>
        </test-method> <!-- afterSuit -->
      </class> <!-- testcases.eSanchitTestCase -->
    </test> <!-- Default test -->
  </suite> <!-- Default suite -->
</testng-results>
