<?xml version="1.0" encoding="UTF-8"?>
<testsuite xmlns:xsi="http://www.w3.org/2001/XMLSchema-instance" xsi:noNamespaceSchemaLocation="https://maven.apache.org/surefire/maven-surefire-plugin/xsd/surefire-test-report-3.0.xsd" version="3.0" name="testcases.AirConsoleLoginTestCase" time="8.394" tests="1" errors="0" skipped="0" failures="0">
  <properties>
[...]
</properties>
  <testcase name="loginTestCase" classname="testcases.AirConsoleLoginTestCase" time="2.079">
    <system-out><![CDATA[ChromeBrowser Browser open successfully
Implicitly Wait successfully
Maxmize window successfully
http://www.airconsol.com:8080/airconsol/secureAdmin/Consol/air/jsp/login_air.jsp URL Hit successfully
HANSINFO Enter successfully User Name Textbox
HANSINFO Enter successfully Password Textbox
Click successfully Login Button
Welcome to Hans Infomatics (P) Ltd Title Fetch successfully
Select Delhi Air Cargo successfully
Select Air successfully
Click successfully Login Button
]]></system-out>
    <system-err><![CDATA[SLF4J(W): No SLF4J providers were found.
SLF4J(W): Defaulting to no-operation (NOP) logger implementation
SLF4J(W): See https://www.slf4j.org/codes.html#noProviders for further details.
Aug 19, 2025 12:24:49 PM org.openqa.selenium.devtools.CdpVersionFinder findNearestMatch
WARNING: Unable to find an exact match for CDP version 139, returning the closest version; found: 138; Please update to a Selenium version that supports CDP version 139
]]></system-err>
  </testcase>
</testsuite>