<?xml version="1.0" encoding="UTF-8"?>
<testng-results ignored="0" total="1" passed="1" failed="0" skipped="0">
  <reporter-output>
  </reporter-output>
  <suite started-at="2025-08-28T10:34:59 IST" name="Default suite" finished-at="2025-08-28T10:41:11 IST" duration-ms="371091">
    <groups>
    </groups>
    <test started-at="2025-08-28T10:34:59 IST" name="Default test" finished-at="2025-08-28T10:41:11 IST" duration-ms="371091">
      <class name="testcases.AirConsoleLoginTestCase">
        <test-method is-config="true" signature="beforeSuit()[pri:0, instance:testcases.AirConsoleLoginTestCase@4d15107f]" started-at="2025-08-28T10:34:59 IST" name="beforeSuit" finished-at="2025-08-28T10:34:59 IST" duration-ms="17" status="PASS">
          <reporter-output>
          </reporter-output>
        </test-method> <!-- beforeSuit -->
        <test-method is-config="true" signature="beforeClass()[pri:0, instance:testcases.AirConsoleLoginTestCase@4d15107f]" started-at="2025-08-28T10:35:00 IST" name="beforeClass" finished-at="2025-08-28T10:35:03 IST" duration-ms="3667" status="PASS">
          <reporter-output>
          </reporter-output>
        </test-method> <!-- beforeClass -->
        <test-method is-config="true" signature="beforeMethod()[pri:0, instance:testcases.AirConsoleLoginTestCase@4d15107f]" started-at="2025-08-28T10:35:03 IST" name="beforeMethod" finished-at="2025-08-28T10:35:04 IST" duration-ms="941" status="PASS">
          <reporter-output>
          </reporter-output>
        </test-method> <!-- beforeMethod -->
        <test-method signature="loginTestCase()[pri:0, instance:testcases.AirConsoleLoginTestCase@4d15107f]" started-at="2025-08-28T10:35:04 IST" name="loginTestCase" finished-at="2025-08-28T10:41:11 IST" duration-ms="366372" status="PASS">
          <reporter-output>
          </reporter-output>
        </test-method> <!-- loginTestCase -->
        <test-method is-config="true" signature="afterMethod()[pri:0, instance:testcases.AirConsoleLoginTestCase@4d15107f]" started-at="2025-08-28T10:41:11 IST" name="afterMethod" finished-at="2025-08-28T10:41:11 IST" duration-ms="3" status="PASS">
          <reporter-output>
          </reporter-output>
        </test-method> <!-- afterMethod -->
        <test-method is-config="true" signature="afterClass()[pri:0, instance:testcases.AirConsoleLoginTestCase@4d15107f]" started-at="2025-08-28T10:41:11 IST" name="afterClass" finished-at="2025-08-28T10:41:11 IST" duration-ms="3" status="PASS">
          <reporter-output>
          </reporter-output>
        </test-method> <!-- afterClass -->
        <test-method is-config="true" signature="afterSuit()[pri:0, instance:testcases.AirConsoleLoginTestCase@4d15107f]" started-at="2025-08-28T10:41:11 IST" name="afterSuit" finished-at="2025-08-28T10:41:11 IST" duration-ms="1" status="PASS">
          <reporter-output>
          </reporter-output>
        </test-method> <!-- afterSuit -->
      </class> <!-- testcases.AirConsoleLoginTestCase -->
    </test> <!-- Default test -->
  </suite> <!-- Default suite -->
</testng-results>
